Build started 5/11/2018 4:24:32 PM.
     1>Project "C:\Users\CAChukwulobe\Documents\UNILAG\Projects\EEG311 Result n GP Multifile\EEG311 Result n GP Multifile\EEG311 Result n GP Multifile.vcxproj" on node 2 (rebuild target(s)).
     1>_PrepareForClean:
         Deleting file "Debug\EEG311 Result n GP Multifile.lastbuildstate".
       InitializeBuildStatus:
         Creating "Debug\EEG311 Result n GP Multifile.unsuccessfulbuild" because "AlwaysCreate" was specified.
       ClCompile:
         c:\Program Files (x86)\Microsoft Visual Studio 10.0\VC\bin\CL.exe /c /ZI /nologo /W3 /WX- /Od /Oy- /D WIN32 /D _DEBUG /D _CONSOLE /D _UNICODE /D UNICODE /Gm /EHsc /RTC1 /MDd /GS /fp:precise /Zc:wchar_t /Zc:forScope /Fo"Debug\\" /Fd"Debug\vc100.pdb" /Gd /TP /analyze- /errorReport:prompt Driver.cpp GPA.cpp
         GPA.cpp
         Driver.cpp
         Generating Code...
       ManifestResourceCompile:
         c:\Program Files (x86)\Microsoft SDKs\Windows\v7.0A\bin\rc.exe /nologo /fo"Debug\EEG311 Result n GP Multifile.exe.embed.manifest.res" "Debug\EEG311 Result n GP Multifile_manifest.rc" 
       Link:
         c:\Program Files (x86)\Microsoft Visual Studio 10.0\VC\bin\link.exe /ERRORREPORT:PROMPT /OUT:"C:\Users\CAChukwulobe\Documents\UNILAG\Projects\EEG311 Result n GP Multifile\Debug\EEG311 Result n GP Multifile.exe" /INCREMENTAL /NOLOGO kernel32.lib user32.lib gdi32.lib winspool.lib comdlg32.lib advapi32.lib shell32.lib ole32.lib oleaut32.lib uuid.lib odbc32.lib odbccp32.lib /MANIFEST /ManifestFile:"Debug\EEG311 Result n GP Multifile.exe.intermediate.manifest" /MANIFESTUAC:"level='asInvoker' uiAccess='false'" /DEBUG /PDB:"C:\Users\CAChukwulobe\Documents\UNILAG\Projects\EEG311 Result n GP Multifile\Debug\EEG311 Result n GP Multifile.pdb" /SUBSYSTEM:CONSOLE /TLBID:1 /DYNAMICBASE /NXCOMPAT /IMPLIB:"C:\Users\CAChukwulobe\Documents\UNILAG\Projects\EEG311 Result n GP Multifile\Debug\EEG311 Result n GP Multifile.lib" /MACHINE:X86 "Debug\EEG311 Result n GP Multifile.exe.embed.manifest.res"
         Debug\Driver.obj
         Debug\GPA.obj
       Manifest:
         Deleting file "Debug\EEG311 Result n GP Multifile.exe.embed.manifest".
         c:\Program Files (x86)\Microsoft SDKs\Windows\v7.0A\bin\mt.exe /nologo /verbose /out:"Debug\EEG311 Result n GP Multifile.exe.embed.manifest" /manifest "Debug\EEG311 Result n GP Multifile.exe.intermediate.manifest"
         c:\Program Files (x86)\Microsoft SDKs\Windows\v7.0A\bin\rc.exe /nologo /fo"Debug\EEG311 Result n GP Multifile.exe.embed.manifest.res" "Debug\EEG311 Result n GP Multifile_manifest.rc" 
       LinkEmbedManifest:
         c:\Program Files (x86)\Microsoft Visual Studio 10.0\VC\bin\link.exe /ERRORREPORT:PROMPT /OUT:"C:\Users\CAChukwulobe\Documents\UNILAG\Projects\EEG311 Result n GP Multifile\Debug\EEG311 Result n GP Multifile.exe" /INCREMENTAL /NOLOGO kernel32.lib user32.lib gdi32.lib winspool.lib comdlg32.lib advapi32.lib shell32.lib ole32.lib oleaut32.lib uuid.lib odbc32.lib odbccp32.lib /MANIFEST /ManifestFile:"Debug\EEG311 Result n GP Multifile.exe.intermediate.manifest" /MANIFESTUAC:"level='asInvoker' uiAccess='false'" /DEBUG /PDB:"C:\Users\CAChukwulobe\Documents\UNILAG\Projects\EEG311 Result n GP Multifile\Debug\EEG311 Result n GP Multifile.pdb" /SUBSYSTEM:CONSOLE /TLBID:1 /DYNAMICBASE /NXCOMPAT /IMPLIB:"C:\Users\CAChukwulobe\Documents\UNILAG\Projects\EEG311 Result n GP Multifile\Debug\EEG311 Result n GP Multifile.lib" /MACHINE:X86 "Debug\EEG311 Result n GP Multifile.exe.embed.manifest.res"
         Debug\Driver.obj
         Debug\GPA.obj
         EEG311 Result n GP Multifile.vcxproj -> C:\Users\CAChukwulobe\Documents\UNILAG\Projects\EEG311 Result n GP Multifile\Debug\EEG311 Result n GP Multifile.exe
       FinalizeBuildStatus:
         Deleting file "Debug\EEG311 Result n GP Multifile.unsuccessfulbuild".
         Touching "Debug\EEG311 Result n GP Multifile.lastbuildstate".
     1>Done Building Project "C:\Users\CAChukwulobe\Documents\UNILAG\Projects\EEG311 Result n GP Multifile\EEG311 Result n GP Multifile\EEG311 Result n GP Multifile.vcxproj" (rebuild target(s)).

Build succeeded.

Time Elapsed 00:00:05.17
