C:\Users\CAChukwulobe\Documents\UNILAG\Projects\EEG311 Result n GP Multifile\Debug\EEG311 Result n GP Multifile.exe
C:\Users\CAChukwulobe\Documents\UNILAG\Projects\EEG311 Result n GP Multifile\Debug\EEG311 Result n GP Multifile.ilk
C:\Users\CAChukwulobe\Documents\UNILAG\Projects\EEG311 Result n GP Multifile\Debug\EEG311 Result n GP Multifile.pdb
C:\Users\CAChukwulobe\Documents\UNILAG\Projects\EEG311 Result n GP Multifile\EEG311 Result n GP Multifile\Debug\cl.command.1.tlog
C:\Users\CAChukwulobe\Documents\UNILAG\Projects\EEG311 Result n GP Multifile\EEG311 Result n GP Multifile\Debug\CL.read.1.tlog
C:\Users\CAChukwulobe\Documents\UNILAG\Projects\EEG311 Result n GP Multifile\EEG311 Result n GP Multifile\Debug\CL.write.1.tlog
C:\Users\CAChukwulobe\Documents\UNILAG\Projects\EEG311 Result n GP Multifile\EEG311 Result n GP Multifile\Debug\Driver.obj
C:\Users\CAChukwulobe\Documents\UNILAG\Projects\EEG311 Result n GP Multifile\EEG311 Result n GP Multifile\Debug\EEG311 Result n GP Multifile.exe.embed.manifest
C:\Users\CAChukwulobe\Documents\UNILAG\Projects\EEG311 Result n GP Multifile\EEG311 Result n GP Multifile\Debug\EEG311 Result n GP Multifile.exe.embed.manifest.res
C:\Users\CAChukwulobe\Documents\UNILAG\Projects\EEG311 Result n GP Multifile\EEG311 Result n GP Multifile\Debug\EEG311 Result n GP Multifile.exe.intermediate.manifest
C:\Users\CAChukwulobe\Documents\UNILAG\Projects\EEG311 Result n GP Multifile\EEG311 Result n GP Multifile\Debug\EEG311 Result n GP Multifile.write.1.tlog
C:\Users\CAChukwulobe\Documents\UNILAG\Projects\EEG311 Result n GP Multifile\EEG311 Result n GP Multifile\Debug\EEG311 Result n GP Multifile_manifest.rc
C:\Users\CAChukwulobe\Documents\UNILAG\Projects\EEG311 Result n GP Multifile\EEG311 Result n GP Multifile\Debug\GPA.obj
C:\Users\CAChukwulobe\Documents\UNILAG\Projects\EEG311 Result n GP Multifile\EEG311 Result n GP Multifile\Debug\link.13456.read.1.tlog
C:\Users\CAChukwulobe\Documents\UNILAG\Projects\EEG311 Result n GP Multifile\EEG311 Result n GP Multifile\Debug\link.13456.write.1.tlog
C:\Users\CAChukwulobe\Documents\UNILAG\Projects\EEG311 Result n GP Multifile\EEG311 Result n GP Multifile\Debug\link.13456-cvtres.read.1.tlog
C:\Users\CAChukwulobe\Documents\UNILAG\Projects\EEG311 Result n GP Multifile\EEG311 Result n GP Multifile\Debug\link.13456-cvtres.write.1.tlog
C:\Users\CAChukwulobe\Documents\UNILAG\Projects\EEG311 Result n GP Multifile\EEG311 Result n GP Multifile\Debug\link.command.1.tlog
C:\Users\CAChukwulobe\Documents\UNILAG\Projects\EEG311 Result n GP Multifile\EEG311 Result n GP Multifile\Debug\link.read.1.tlog
C:\Users\CAChukwulobe\Documents\UNILAG\Projects\EEG311 Result n GP Multifile\EEG311 Result n GP Multifile\Debug\link.write.1.tlog
C:\Users\CAChukwulobe\Documents\UNILAG\Projects\EEG311 Result n GP Multifile\EEG311 Result n GP Multifile\Debug\link-cvtres.read.1.tlog
C:\Users\CAChukwulobe\Documents\UNILAG\Projects\EEG311 Result n GP Multifile\EEG311 Result n GP Multifile\Debug\link-cvtres.write.1.tlog
C:\Users\CAChukwulobe\Documents\UNILAG\Projects\EEG311 Result n GP Multifile\EEG311 Result n GP Multifile\Debug\mt.command.1.tlog
C:\Users\CAChukwulobe\Documents\UNILAG\Projects\EEG311 Result n GP Multifile\EEG311 Result n GP Multifile\Debug\mt.read.1.tlog
C:\Users\CAChukwulobe\Documents\UNILAG\Projects\EEG311 Result n GP Multifile\EEG311 Result n GP Multifile\Debug\mt.write.1.tlog
C:\Users\CAChukwulobe\Documents\UNILAG\Projects\EEG311 Result n GP Multifile\EEG311 Result n GP Multifile\Debug\rc.command.1.tlog
C:\Users\CAChukwulobe\Documents\UNILAG\Projects\EEG311 Result n GP Multifile\EEG311 Result n GP Multifile\Debug\rc.read.1.tlog
C:\Users\CAChukwulobe\Documents\UNILAG\Projects\EEG311 Result n GP Multifile\EEG311 Result n GP Multifile\Debug\rc.write.1.tlog
C:\Users\CAChukwulobe\Documents\UNILAG\Projects\EEG311 Result n GP Multifile\EEG311 Result n GP Multifile\Debug\vc100.idb
C:\Users\CAChukwulobe\Documents\UNILAG\Projects\EEG311 Result n GP Multifile\EEG311 Result n GP Multifile\Debug\vc100.pdb
C:\USERS\CACHUKWULOBE\DOCUMENTS\VISUAL STUDIO 2010\PROJECTS\EEG311 RESULT N GP MULTIFILE\DEBUG\EEG311 RESULT N GP MULTIFILE.EXE
C:\USERS\CACHUKWULOBE\DOCUMENTS\VISUAL STUDIO 2010\PROJECTS\EEG311 RESULT N GP MULTIFILE\DEBUG\EEG311 RESULT N GP MULTIFILE.ILK
C:\USERS\CACHUKWULOBE\DOCUMENTS\VISUAL STUDIO 2010\PROJECTS\EEG311 RESULT N GP MULTIFILE\DEBUG\EEG311 RESULT N GP MULTIFILE.PDB
C:\USERS\CACHUKWULOBE\DOCUMENTS\VISUAL STUDIO 2010\PROJECTS\EEG311 RESULT N GP MULTIFILE\EEG311 RESULT N GP MULTIFILE\DEBUG\DRIVER.OBJ
C:\USERS\CACHUKWULOBE\DOCUMENTS\VISUAL STUDIO 2010\PROJECTS\EEG311 RESULT N GP MULTIFILE\EEG311 RESULT N GP MULTIFILE\DEBUG\EEG311 RESULT N GP MULTIFILE.EXE.EMBED.MANIFEST
C:\USERS\CACHUKWULOBE\DOCUMENTS\VISUAL STUDIO 2010\PROJECTS\EEG311 RESULT N GP MULTIFILE\EEG311 RESULT N GP MULTIFILE\DEBUG\EEG311 RESULT N GP MULTIFILE.EXE.EMBED.MANIFEST.RES
C:\USERS\CACHUKWULOBE\DOCUMENTS\VISUAL STUDIO 2010\PROJECTS\EEG311 RESULT N GP MULTIFILE\EEG311 RESULT N GP MULTIFILE\DEBUG\EEG311 RESULT N GP MULTIFILE.EXE.INTERMEDIATE.MANIFEST
C:\USERS\CACHUKWULOBE\DOCUMENTS\VISUAL STUDIO 2010\PROJECTS\EEG311 RESULT N GP MULTIFILE\EEG311 RESULT N GP MULTIFILE\DEBUG\GPA.OBJ
C:\USERS\CACHUKWULOBE\DOCUMENTS\VISUAL STUDIO 2010\PROJECTS\EEG311 RESULT N GP MULTIFILE\EEG311 RESULT N GP MULTIFILE\DEBUG\VC100.PDB
